This file contains any messages produced by compilers while
running configure, to aid debugging if configure makes a mistake.

It was created by main.c configure chip.c, which was
generated by GNU Autoconf 2.63.  Invocation command line was

  $ ./configure 

## --------- ##
## Platform. ##
## --------- ##

hostname = P_P-o
uname -m = i686
uname -r = 2.6.27-gentoo-r8
uname -s = Linux
uname -v = #4 SMP PREEMPT Fri Mar 13 07:41:58 PDT 2009

/usr/bin/uname -p = Genuine Intel(R) CPU T2060 @ 1.60GHz
/bin/uname -X     = unknown

/bin/arch              = unknown
/usr/bin/arch -k       = unknown
/usr/convex/getsysinfo = unknown
/usr/bin/hostinfo      = unknown
/bin/machine           = unknown
/usr/bin/oslevel       = unknown
/bin/universe          = unknown

PATH: /usr/local/bin
PATH: /usr/bin
PATH: /bin
PATH: /opt/bin
PATH: /usr/i486-pc-linux-gnu/gcc-bin/4.1.2
PATH: /usr/i686-pc-linux-gnu/gcc-bin/4.1.2
PATH: /usr/games/bin


## ----------- ##
## Core tests. ##
## ----------- ##

configure:1791: checking for gcc
configure:1807: found /usr/bin/gcc
configure:1818: result: gcc
configure:2050: checking for C compiler version
configure:2058: gcc --version >&5
gcc (GCC) 4.1.2 (Gentoo 4.1.2 p1.3)
Copyright (C) 2006 Free Software Foundation, Inc.
This is free software; see the source for copying conditions.  There is NO
warranty; not even for MERCHANTABILITY or FITNESS FOR A PARTICULAR PURPOSE.

configure:2062: $? = 0
configure:2069: gcc -v >&5
Using built-in specs.
Target: i686-pc-linux-gnu
Configured with: /var/tmp/portage/sys-devel/gcc-4.1.2/work/gcc-4.1.2/configure --prefix=/usr --bindir=/usr/i686-pc-linux-gnu/gcc-bin/4.1.2 --includedir=/usr/lib/gcc/i686-pc-linux-gnu/4.1.2/include --datadir=/usr/share/gcc-data/i686-pc-linux-gnu/4.1.2 --mandir=/usr/share/gcc-data/i686-pc-linux-gnu/4.1.2/man --infodir=/usr/share/gcc-data/i686-pc-linux-gnu/4.1.2/info --with-gxx-include-dir=/usr/lib/gcc/i686-pc-linux-gnu/4.1.2/include/g++-v4 --host=i686-pc-linux-gnu --build=i686-pc-linux-gnu --disable-altivec --enable-nls --without-included-gettext --with-system-zlib --disable-checking --disable-werror --enable-secureplt --disable-multilib --enable-libmudflap --disable-libssp --disable-libgcj --with-arch=i686 --enable-languages=c,c++,treelang,fortran --enable-shared --enable-threads=posix --enable-__cxa_atexit --enable-clocale=gnu
Thread model: posix
gcc version 4.1.2 (Gentoo 4.1.2 p1.3)
configure:2073: $? = 0
configure:2080: gcc -V >&5
gcc: '-V' option must have argument
configure:2084: $? = 1
configure:2107: checking for C compiler default output file name
configure:2129: gcc    conftest.c  >&5
configure:2133: $? = 0
configure:2171: result: a.out
configure:2190: checking whether the C compiler works
configure:2200: ./a.out
configure:2204: $? = 0
configure:2223: result: yes
configure:2230: checking whether we are cross compiling
configure:2232: result: no
configure:2235: checking for suffix of executables
configure:2242: gcc -o conftest    conftest.c  >&5
configure:2246: $? = 0
configure:2272: result: 
configure:2278: checking for suffix of object files
configure:2304: gcc -c   conftest.c >&5
configure:2308: $? = 0
configure:2333: result: o
configure:2337: checking whether we are using the GNU C compiler
configure:2366: gcc -c   conftest.c >&5
configure:2373: $? = 0
configure:2390: result: yes
configure:2399: checking whether gcc accepts -g
configure:2429: gcc -c -g  conftest.c >&5
configure:2436: $? = 0
configure:2537: result: yes
configure:2554: checking for gcc option to accept ISO C89
configure:2628: gcc  -c -g -O2  conftest.c >&5
configure:2635: $? = 0
configure:2658: result: none needed
configure:2683: checking whether make sets $(MAKE)
configure:2705: result: yes
configure:2721: checking how to run the C preprocessor
configure:2761: gcc -E  conftest.c
configure:2768: $? = 0
configure:2799: gcc -E  conftest.c
conftest.c:8:28: error: ac_nonexistent.h: No such file or directory
configure:2806: $? = 1
configure: failed program was:
| /* confdefs.h.  */
| #define PACKAGE_NAME "main.c"
| #define PACKAGE_TARNAME "player.c"
| #define PACKAGE_VERSION "chip.c"
| #define PACKAGE_STRING "main.c chip.c"
| #define PACKAGE_BUGREPORT "gui.c"
| /* end confdefs.h.  */
| #include <ac_nonexistent.h>
configure:2839: result: gcc -E
configure:2868: gcc -E  conftest.c
configure:2875: $? = 0
configure:2906: gcc -E  conftest.c
conftest.c:8:28: error: ac_nonexistent.h: No such file or directory
configure:2913: $? = 1
configure: failed program was:
| /* confdefs.h.  */
| #define PACKAGE_NAME "main.c"
| #define PACKAGE_TARNAME "player.c"
| #define PACKAGE_VERSION "chip.c"
| #define PACKAGE_STRING "main.c chip.c"
| #define PACKAGE_BUGREPORT "gui.c"
| /* end confdefs.h.  */
| #include <ac_nonexistent.h>
configure:2953: checking for grep that handles long lines and -e
configure:3013: result: /bin/grep
configure:3018: checking for egrep
configure:3082: result: /bin/grep -E
configure:3087: checking for ANSI C header files
configure:3117: gcc -c -g -O2  conftest.c >&5
configure:3124: $? = 0
configure:3223: gcc -o conftest -g -O2   conftest.c  >&5
configure:3227: $? = 0
configure:3233: ./conftest
configure:3237: $? = 0
configure:3255: result: yes
configure:3265: checking for atol
configure:3321: gcc -o conftest -g -O2   conftest.c  >&5
configure:3328: $? = 0
configure:3348: result: yes
configure:3502: creating ./config.status

## ---------------------- ##
## Running config.status. ##
## ---------------------- ##

This file was extended by main.c config.status chip.c, which was
generated by GNU Autoconf 2.63.  Invocation command line was

  CONFIG_FILES    = 
  CONFIG_HEADERS  = 
  CONFIG_LINKS    = 
  CONFIG_COMMANDS = 
  $ ./config.status 

on P_P-o

config.status:646: creating Makefile

## ---------------- ##
## Cache variables. ##
## ---------------- ##

ac_cv_c_compiler_gnu=yes
ac_cv_env_CC_set=
ac_cv_env_CC_value=
ac_cv_env_CFLAGS_set=
ac_cv_env_CFLAGS_value=
ac_cv_env_CPPFLAGS_set=
ac_cv_env_CPPFLAGS_value=
ac_cv_env_CPP_set=
ac_cv_env_CPP_value=
ac_cv_env_LDFLAGS_set=
ac_cv_env_LDFLAGS_value=
ac_cv_env_LIBS_set=
ac_cv_env_LIBS_value=
ac_cv_env_build_alias_set=
ac_cv_env_build_alias_value=
ac_cv_env_host_alias_set=
ac_cv_env_host_alias_value=
ac_cv_env_target_alias_set=
ac_cv_env_target_alias_value=
ac_cv_func_atol=yes
ac_cv_header_stdc=yes
ac_cv_objext=o
ac_cv_path_EGREP='/bin/grep -E'
ac_cv_path_GREP=/bin/grep
ac_cv_prog_CPP='gcc -E'
ac_cv_prog_ac_ct_CC=gcc
ac_cv_prog_cc_c89=
ac_cv_prog_cc_g=yes
ac_cv_prog_make_make_set=yes

## ----------------- ##
## Output variables. ##
## ----------------- ##

CC='gcc'
CFLAGS='-g -O2'
CPP='gcc -E'
CPPFLAGS=''
DEFS='-DPACKAGE_NAME=\"main.c\" -DPACKAGE_TARNAME=\"player.c\" -DPACKAGE_VERSION=\"chip.c\" -DPACKAGE_STRING=\"main.c\ chip.c\" -DPACKAGE_BUGREPORT=\"gui.c\" -DSTDC_HEADERS=1'
ECHO_C=''
ECHO_N='-n'
ECHO_T=''
EGREP='/bin/grep -E'
EXEEXT=''
GREP='/bin/grep'
LDFLAGS=''
LIBOBJS=''
LIBS=''
LTLIBOBJS=''
OBJEXT='o'
PACKAGE_BUGREPORT='gui.c'
PACKAGE_NAME='main.c'
PACKAGE_STRING='main.c chip.c'
PACKAGE_TARNAME='player.c'
PACKAGE_VERSION='chip.c'
PATH_SEPARATOR=':'
SET_MAKE=''
SHELL='/bin/sh'
VERSION='alpha-mega'
ac_ct_CC='gcc'
bindir='${exec_prefix}/bin'
build_alias=''
datadir='${datarootdir}'
datarootdir='${prefix}/share'
docdir='${datarootdir}/doc/${PACKAGE_TARNAME}'
dvidir='${docdir}'
exec_prefix='${prefix}'
host_alias=''
htmldir='${docdir}'
includedir='${prefix}/include'
infodir='${datarootdir}/info'
libdir='${exec_prefix}/lib'
libexecdir='${exec_prefix}/libexec'
localedir='${datarootdir}/locale'
localstatedir='${prefix}/var'
mandir='${datarootdir}/man'
oldincludedir='/usr/include'
pdfdir='${docdir}'
prefix='/usr/local'
program_transform_name='s,x,x,'
psdir='${docdir}'
sbindir='${exec_prefix}/sbin'
sharedstatedir='${prefix}/com'
sysconfdir='${prefix}/etc'
target_alias=''

## ----------- ##
## confdefs.h. ##
## ----------- ##

#define PACKAGE_NAME "main.c"
#define PACKAGE_TARNAME "player.c"
#define PACKAGE_VERSION "chip.c"
#define PACKAGE_STRING "main.c chip.c"
#define PACKAGE_BUGREPORT "gui.c"
#define STDC_HEADERS 1

configure: exit 0
